-------------------------------------------------------------------------------
Test set: com.mcc.MIIUniversitywebservice.MiiUniversityWebServiceApplicationTests
-------------------------------------------------------------------------------
Tests run: 1, Failures: 0, Errors: 1, Skipped: 0, Time elapsed: 5.332 s <<< FAILURE! - in com.mcc.MIIUniversitywebservice.MiiUniversityWebServiceApplicationTests
contextLoads  Time elapsed: 0.001 s  <<< ERROR!
java.lang.IllegalStateException: Failed to load ApplicationContext
Caused by: org.springframework.beans.factory.BeanCreationException: 
Error creating bean with name 'requestMappingHandlerMapping' defined in class path resource [org/springframework/boot/autoconfigure/web/servlet/WebMvcAutoConfiguration$EnableWebMvcConfiguration.class]: Invocation of init method failed; nested exception is java.lang.IllegalStateException: Ambiguous mapping. Cannot map 'jurusanRestController' method 
com.mcc.MIIUniversitywebservice.controllers.JurusanRestController#index(Model)
to {GET }: There is already 'fakultasRestController' bean method
com.mcc.MIIUniversitywebservice.controllers.FakultasRestController#index(Model) mapped.
Caused by: java.lang.IllegalStateException: 
Ambiguous mapping. Cannot map 'jurusanRestController' method 
com.mcc.MIIUniversitywebservice.controllers.JurusanRestController#index(Model)
to {GET }: There is already 'fakultasRestController' bean method
com.mcc.MIIUniversitywebservice.controllers.FakultasRestController#index(Model) mapped.

